TN:
SF:models\Gallery.js
FNF:0
FNH:0
DA:1,1
DA:3,1
DA:11,1
LF:3
LH:3
BRF:0
BRH:0
end_of_record
TN:
SF:models\Users.js
FNF:0
FNH:0
DA:1,1
DA:3,1
DA:10,1
LF:3
LH:3
BRF:0
BRH:0
end_of_record
TN:
SF:routes\gallery.js
FN:13,(anonymous_0)
FN:16,(anonymous_1)
FN:34,getIpAddress
FN:38,(anonymous_3)
FN:40,(anonymous_4)
FN:57,(anonymous_5)
FN:66,(anonymous_6)
FN:77,(anonymous_7)
FN:88,(anonymous_8)
FNF:9
FNH:9
FNDA:1,(anonymous_0)
FNDA:1,(anonymous_1)
FNDA:1,getIpAddress
FNDA:2,(anonymous_3)
FNDA:4,(anonymous_4)
FNDA:1,(anonymous_5)
FNDA:1,(anonymous_6)
FNDA:1,(anonymous_7)
FNDA:1,(anonymous_8)
DA:1,1
DA:2,1
DA:3,1
DA:4,1
DA:5,1
DA:6,1
DA:7,1
DA:9,1
DA:12,1
DA:14,1
DA:17,1
DA:18,1
DA:19,1
DA:20,0
DA:22,1
DA:23,0
DA:25,1
DA:26,1
DA:28,1
DA:32,1
DA:35,1
DA:38,1
DA:39,2
DA:40,2
DA:42,4
DA:43,1
DA:48,1
DA:51,1
DA:52,1
DA:54,1
DA:57,1
DA:58,1
DA:59,0
DA:62,1
DA:64,1
DA:66,1
DA:67,1
DA:68,0
DA:69,0
DA:71,1
DA:77,1
DA:78,1
DA:79,1
DA:80,1
DA:82,0
DA:83,0
DA:88,1
DA:89,1
DA:90,1
DA:92,1
DA:94,1
DA:95,0
DA:98,1
DA:100,0
DA:101,0
DA:105,1
LF:56
LH:46
BRDA:19,0,0,0
BRDA:19,0,1,1
BRDA:22,1,0,0
BRDA:22,1,1,1
BRDA:25,2,0,1
BRDA:25,2,1,0
BRDA:25,3,0,1
BRDA:25,3,1,0
BRDA:42,4,0,1
BRDA:42,4,1,3
BRDA:42,5,0,4
BRDA:42,5,1,2
BRDA:58,6,0,0
BRDA:58,6,1,1
BRDA:58,7,0,1
BRDA:58,7,1,1
BRDA:58,7,2,1
BRDA:67,8,0,0
BRDA:67,8,1,1
BRDA:94,9,0,0
BRDA:94,9,1,1
BRF:21
BRH:14
end_of_record
TN:
SF:routes\users.js
FN:13,(anonymous_0)
FN:26,(anonymous_1)
FN:47,(anonymous_2)
FN:50,(anonymous_3)
FN:64,(anonymous_4)
FN:69,(anonymous_5)
FNF:6
FNH:6
FNDA:1,(anonymous_0)
FNDA:1,(anonymous_1)
FNDA:1,(anonymous_2)
FNDA:1,(anonymous_3)
FNDA:1,(anonymous_4)
FNDA:1,(anonymous_5)
DA:1,1
DA:2,1
DA:3,1
DA:4,1
DA:5,1
DA:6,1
DA:7,1
DA:9,1
DA:11,1
DA:13,1
DA:14,1
DA:16,1
DA:17,1
DA:18,1
DA:19,1
DA:20,1
DA:22,0
DA:26,1
DA:27,1
DA:29,1
DA:30,1
DA:31,1
DA:32,0
DA:35,1
DA:36,1
DA:37,0
DA:40,1
DA:41,1
DA:43,0
DA:47,1
DA:48,1
DA:50,1
DA:51,1
DA:52,0
DA:55,1
DA:56,0
DA:58,1
DA:64,1
DA:66,1
DA:67,1
DA:68,1
DA:69,1
DA:70,1
DA:71,0
DA:74,1
DA:75,1
DA:76,1
DA:78,0
DA:79,0
DA:84,1
LF:50
LH:41
BRDA:31,0,0,0
BRDA:31,0,1,1
BRDA:36,1,0,0
BRDA:36,1,1,1
BRDA:51,2,0,0
BRDA:51,2,1,1
BRDA:55,3,0,0
BRDA:55,3,1,1
BRDA:70,4,0,0
BRDA:70,4,1,1
BRDA:74,5,0,1
BRDA:74,5,1,0
BRF:12
BRH:6
end_of_record
